# JRE version: OpenJDK Runtime Environment (21.0.2+13) (build 21.0.2+13-58)
# Java VM: OpenJDK 64-Bit Server VM (21.0.2+13-58, mixed mode, emulated-client, sharing, tiered, compressed oops, compressed class ptrs, g1 gc, windows-amd64)
GC Precious Log:
 CardTable entry size: 512
 Card Set container configuration: InlinePtr #cards 5 size 8 Array Of Cards #cards 12 size 40 Howl #buckets 4 coarsen threshold 1843 Howl Bitmap #cards 512 size 80 coarsen threshold 460 Card regions per heap region 1 cards per card region 2048
 CPUs: 8 total, 8 available
 Memory: 7834M
 Large Page Support: Disabled
 NUMA Support: Disabled
 Compressed Oops: Enabled (32-bit)
 Heap Region Size: 1M
 Heap Min Capacity: 8M
 Heap Initial Capacity: 124M
 Heap Max Capacity: 1960M
 Pre-touch: Disabled
 Parallel Workers: 8
 Concurrent Workers: 2
 Concurrent Refinement Workers: 8
 Periodic GC: Disabled
Heap:
 garbage-first heap   total 98304K, used 50627K [0x0000000085800000, 0x0000000100000000)
  region size 1024K, 13 young (13312K), 7 survivors (7168K)
 Metaspace       used 82585K, committed 83328K, reserved 1179648K
  class space    used 11994K, committed 12352K, reserved 1048576K
GC Heap History (20 events):
Event: 9.174 GC heap before
{Heap before GC invocations=10 (full 0):
 garbage-first heap   total 73728K, used 62126K [0x0000000085800000, 0x0000000100000000)
  region size 1024K, 39 young (39936K), 3 survivors (3072K)
 Metaspace       used 51889K, committed 52544K, reserved 1114112K
  class space    used 7232K, committed 7488K, reserved 1048576K
}
Event: 9.183 GC heap after
{Heap after GC invocations=11 (full 0):
 garbage-first heap   total 73728K, used 27623K [0x0000000085800000, 0x0000000100000000)
  region size 1024K, 5 young (5120K), 5 survivors (5120K)
 Metaspace       used 51889K, committed 52544K, reserved 1114112K
  class space    used 7232K, committed 7488K, reserved 1048576K
}
Event: 9.521 GC heap before
{Heap before GC invocations=11 (full 0):
 garbage-first heap   total 73728K, used 51175K [0x0000000085800000, 0x0000000100000000)
  region size 1024K, 30 young (30720K), 5 survivors (5120K)
 Metaspace       used 56366K, committed 56960K, reserved 1114112K
  class space    used 7783K, committed 8064K, reserved 1048576K
}
Event: 9.528 GC heap after
{Heap after GC invocations=12 (full 0):
 garbage-first heap   total 73728K, used 29536K [0x0000000085800000, 0x0000000100000000)
  region size 1024K, 2 young (2048K), 2 survivors (2048K)
 Metaspace       used 56366K, committed 56960K, reserved 1114112K
  class space    used 7783K, committed 8064K, reserved 1048576K
}
Event: 10.207 GC heap before
{Heap before GC invocations=13 (full 0):
 garbage-first heap   total 73728K, used 64352K [0x0000000085800000, 0x0000000100000000)
  region size 1024K, 36 young (36864K), 2 survivors (2048K)
 Metaspace       used 61336K, committed 61952K, reserved 1114112K
  class space    used 8725K, committed 9024K, reserved 1048576K
}
Event: 10.212 GC heap after
{Heap after GC invocations=14 (full 0):
 garbage-first heap   total 73728K, used 30117K [0x0000000085800000, 0x0000000100000000)
  region size 1024K, 3 young (3072K), 3 survivors (3072K)
 Metaspace       used 61336K, committed 61952K, reserved 1114112K
  class space    used 8725K, committed 9024K, reserved 1048576K
}
Event: 10.728 GC heap before
{Heap before GC invocations=14 (full 0):
 garbage-first heap   total 73728K, used 64933K [0x0000000085800000, 0x0000000100000000)
  region size 1024K, 37 young (37888K), 3 survivors (3072K)
 Metaspace       used 68147K, committed 68928K, reserved 1114112K
  class space    used 9707K, committed 10048K, reserved 1048576K
}
Event: 10.733 GC heap after
{Heap after GC invocations=15 (full 0):
 garbage-first heap   total 73728K, used 32439K [0x0000000085800000, 0x0000000100000000)
  region size 1024K, 5 young (5120K), 5 survivors (5120K)
 Metaspace       used 68147K, committed 68928K, reserved 1114112K
  class space    used 9707K, committed 10048K, reserved 1048576K
}
Event: 11.073 GC heap before
{Heap before GC invocations=15 (full 0):
 garbage-first heap   total 73728K, used 63159K [0x0000000085800000, 0x0000000100000000)
  region size 1024K, 35 young (35840K), 5 survivors (5120K)
 Metaspace       used 71523K, committed 72320K, reserved 1114112K
  class space    used 10396K, committed 10752K, reserved 1048576K
}
Event: 11.078 GC heap after
{Heap after GC invocations=16 (full 0):
 garbage-first heap   total 73728K, used 35513K [0x0000000085800000, 0x0000000100000000)
  region size 1024K, 3 young (3072K), 3 survivors (3072K)
 Metaspace       used 71523K, committed 72320K, reserved 1114112K
  class space    used 10396K, committed 10752K, reserved 1048576K
}
Event: 11.227 GC heap before
{Heap before GC invocations=16 (full 0):
 garbage-first heap   total 73728K, used 64185K [0x0000000085800000, 0x0000000100000000)
  region size 1024K, 32 young (32768K), 3 survivors (3072K)
 Metaspace       used 73016K, committed 73792K, reserved 1114112K
  class space    used 10597K, committed 10944K, reserved 1048576K
}
Event: 11.232 GC heap after
{Heap after GC invocations=17 (full 0):
 garbage-first heap   total 73728K, used 37550K [0x0000000085800000, 0x0000000100000000)
  region size 1024K, 3 young (3072K), 3 survivors (3072K)
 Metaspace       used 73016K, committed 73792K, reserved 1114112K
  class space    used 10597K, committed 10944K, reserved 1048576K
}
Event: 11.307 GC heap before
{Heap before GC invocations=18 (full 0):
 garbage-first heap   total 81920K, used 65198K [0x0000000085800000, 0x0000000100000000)
  region size 1024K, 30 young (30720K), 3 survivors (3072K)
 Metaspace       used 73019K, committed 73792K, reserved 1114112K
  class space    used 10600K, committed 10944K, reserved 1048576K
}
Event: 11.310 GC heap after
{Heap after GC invocations=19 (full 0):
 garbage-first heap   total 98304K, used 37820K [0x0000000085800000, 0x0000000100000000)
  region size 1024K, 3 young (3072K), 3 survivors (3072K)
 Metaspace       used 73019K, committed 73792K, reserved 1114112K
  class space    used 10600K, committed 10944K, reserved 1048576K
}
Event: 11.425 GC heap before
{Heap before GC invocations=19 (full 0):
 garbage-first heap   total 98304K, used 87996K [0x0000000085800000, 0x0000000100000000)
  region size 1024K, 52 young (53248K), 3 survivors (3072K)
 Metaspace       used 73074K, committed 73792K, reserved 1114112K
  class space    used 10623K, committed 10944K, reserved 1048576K
}
Event: 11.429 GC heap after
{Heap after GC invocations=20 (full 0):
 garbage-first heap   total 98304K, used 41326K [0x0000000085800000, 0x0000000100000000)
  region size 1024K, 7 young (7168K), 7 survivors (7168K)
 Metaspace       used 73074K, committed 73792K, reserved 1114112K
  class space    used 10623K, committed 10944K, reserved 1048576K
}
Event: 11.875 GC heap before
{Heap before GC invocations=20 (full 0):
 garbage-first heap   total 98304K, used 83310K [0x0000000085800000, 0x0000000100000000)
  region size 1024K, 48 young (49152K), 7 survivors (7168K)
 Metaspace       used 77494K, committed 78208K, reserved 1179648K
  class space    used 11233K, committed 11520K, reserved 1048576K
}
Event: 11.879 GC heap after
{Heap after GC invocations=21 (full 0):
 garbage-first heap   total 98304K, used 41387K [0x0000000085800000, 0x0000000100000000)
  region size 1024K, 4 young (4096K), 4 survivors (4096K)
 Metaspace       used 77494K, committed 78208K, reserved 1179648K
  class space    used 11233K, committed 11520K, reserved 1048576K
}
Event: 12.584 GC heap before
{Heap before GC invocations=22 (full 0):
 garbage-first heap   total 98304K, used 87467K [0x0000000085800000, 0x0000000100000000)
  region size 1024K, 49 young (50176K), 4 survivors (4096K)
 Metaspace       used 82093K, committed 82816K, reserved 1179648K
  class space    used 11922K, committed 12224K, reserved 1048576K
}
Event: 12.590 GC heap after
{Heap after GC invocations=23 (full 0):
 garbage-first heap   total 98304K, used 45507K [0x0000000085800000, 0x0000000100000000)
  region size 1024K, 7 young (7168K), 7 survivors (7168K)
 Metaspace       used 82093K, committed 82816K, reserved 1179648K
  class space    used 11922K, committed 12224K, reserved 1048576K
}

